-------------------------------------------------------------------------------
Test set: ConvertIntegerToWordedStringTests
-------------------------------------------------------------------------------
Tests run: 2, Failures: 1, Errors: 0, Skipped: 0, Time elapsed: 0.015 s <<< FAILURE! - in ConvertIntegerToWordedStringTests
notImplementedYet  Time elapsed: 0.005 s  <<< FAILURE!
org.opentest4j.AssertionFailedError: Expected java.lang.UnsupportedOperationException to be thrown, but nothing was thrown.
	at ConvertIntegerToWordedStringTests.notImplementedYet(ConvertIntegerToWordedStringTests.java:9)

