<?xml version="1.0" encoding="UTF-8"?>
<testsuite xmlns:xsi="http://www.w3.org/2001/XMLSchema-instance" xsi:noNamespaceSchemaLocation="https://maven.apache.org/surefire/maven-surefire-plugin/xsd/surefire-test-report.xsd" name="ConvertIntegerToWordedStringTests" time="0.015" tests="2" errors="0" skipped="0" failures="1">
  <properties>
[...]
</properties>
  <testcase name="firstPostiveIntegerIsOne" classname="ConvertIntegerToWordedStringTests" time="0.008"/>
  <testcase name="notImplementedYet" classname="ConvertIntegerToWordedStringTests" time="0.005">
    <failure message="Expected java.lang.UnsupportedOperationException to be thrown, but nothing was thrown." type="org.opentest4j.AssertionFailedError">org.opentest4j.AssertionFailedError: Expected java.lang.UnsupportedOperationException to be thrown, but nothing was thrown.
	at ConvertIntegerToWordedStringTests.notImplementedYet(ConvertIntegerToWordedStringTests.java:9)
</failure>
  </testcase>
</testsuite>